Using pre-set license
Built from '6000.0/staging' branch; Version is '6000.0.40f1 (157d81624ddf) revision 1408385'; Using compiler version '193933523'; Build Type 'Release'
OS: 'Windows 10  (10.0.19045) 64bit Professional' Language: 'pt' Physical Memory: 12156 MB
BatchMode: 1, IsHumanControllingUs: 0, StartBugReporterOnCrash: 0, Is64bit: 1, IsPro: 1

COMMAND LINE ARGUMENTS:
C:\Program Files\Unity\Hub\Editor\6000.0.40f1\Editor\Unity.exe
-adb2
-batchMode
-noUpm
-name
AssetImportWorker2
-projectPath
C:/Users/Papelaria/OiIia_cat
-logFile
Logs/AssetImportWorker2.log
-srvPort
57585
-job-worker-count
1
-background-job-worker-count
8
-gc-helper-count
1
Successfully changed project path to: C:/Users/Papelaria/OiIia_cat
C:/Users/Papelaria/OiIia_cat
[UnityMemory] Configuration Parameters - Can be set up in boot.config
    "memorysetup-bucket-allocator-granularity=16"
    "memorysetup-bucket-allocator-bucket-count=8"
    "memorysetup-bucket-allocator-block-size=33554432"
    "memorysetup-bucket-allocator-block-count=8"
    "memorysetup-main-allocator-block-size=16777216"
    "memorysetup-thread-allocator-block-size=16777216"
    "memorysetup-gfx-main-allocator-block-size=16777216"
    "memorysetup-gfx-thread-allocator-block-size=16777216"
    "memorysetup-cache-allocator-block-size=4194304"
    "memorysetup-typetree-allocator-block-size=2097152"
    "memorysetup-profiler-bucket-allocator-granularity=16"
    "memorysetup-profiler-bucket-allocator-bucket-count=8"
    "memorysetup-profiler-bucket-allocator-block-size=33554432"
    "memorysetup-profiler-bucket-allocator-block-count=8"
    "memorysetup-profiler-allocator-block-size=16777216"
    "memorysetup-profiler-editor-allocator-block-size=1048576"
    "memorysetup-temp-allocator-size-main=16777216"
    "memorysetup-job-temp-allocator-block-size=2097152"
    "memorysetup-job-temp-allocator-block-size-background=1048576"
    "memorysetup-job-temp-allocator-reduction-small-platforms=262144"
    "memorysetup-allocator-temp-initial-block-size-main=262144"
    "memorysetup-allocator-temp-initial-block-size-worker=262144"
    "memorysetup-temp-allocator-size-background-worker=32768"
    "memorysetup-temp-allocator-size-job-worker=262144"
    "memorysetup-temp-allocator-size-preload-manager=33554432"
    "memorysetup-temp-allocator-size-nav-mesh-worker=65536"
    "memorysetup-temp-allocator-size-audio-worker=65536"
    "memorysetup-temp-allocator-size-cloud-worker=32768"
    "memorysetup-temp-allocator-size-gi-baking-worker=262144"
    "memorysetup-temp-allocator-size-gi-baking-worker=262144"
    "memorysetup-temp-allocator-size-gi-baking-worker=262144"
    "memorysetup-temp-allocator-size-gi-baking-worker=262144"
    "memorysetup-temp-allocator-size-gi-baking-worker=262144"
    "memorysetup-temp-allocator-size-gfx=262144"
Player connection [11168]  Target information:

Player connection [11168]  * "[IP] 192.168.0.254 [Port] 0 [Flags] 2 [Guid] 3663378139 [EditorId] 3663378139 [Version] 1048832 [Id] WindowsEditor(7,Papelaria1) [Debug] 1 [PackageName] WindowsEditor [ProjectName] Editor" 

Player connection [11168]  * "[IP] 192.168.56.1 [Port] 0 [Flags] 2 [Guid] 3663378139 [EditorId] 3663378139 [Version] 1048832 [Id] WindowsEditor(7,Papelaria1) [Debug] 1 [PackageName] WindowsEditor [ProjectName] Editor" 

Player connection [11168] Host joined multi-casting on [225.0.0.222:54997]...
Player connection [11168] Host joined alternative multi-casting on [225.0.0.222:34997]...
JobSystem: Creating JobQueue using job-worker-count value 1
Input System module state changed to: Initialized.
[Physics::Module] Initialized fallback backend.
[Physics::Module] Id: 0xdecafbad
Library Redirect Path: Library/
[Physics::Module] Selected backend.
[Physics::Module] Name: PhysX
[Physics::Module] Id: 0xf2b8ea05
[Physics::Module] SDK Version: 4.1.2
[Physics::Module] Integration Version: 1.0.0
[Physics::Module] Threading Mode: Multi-Threaded
Refreshing native plugins compatible for Editor in 21.09 ms, found 4 plugins.
Preloading 0 native plugins for Editor in 0.00 ms.
Initialize engine version: 6000.0.40f1 (157d81624ddf)
[Subsystems] Discovering subsystems at path C:/Program Files/Unity/Hub/Editor/6000.0.40f1/Editor/Data/Resources/UnitySubsystems
[Subsystems] Discovering subsystems at path C:/Users/Papelaria/OiIia_cat/Assets
GfxDevice: creating device client; kGfxThreadingModeNonThreaded
Direct3D:
    Version:  Direct3D 11.0 [level 11.1]
    Renderer: Intel(R) HD Graphics (ID=0x402)
    Vendor:   Intel
    VRAM:     2048 MB
    Driver:   20.19.15.4531
Initialize mono
Mono path[0] = 'C:/Program Files/Unity/Hub/Editor/6000.0.40f1/Editor/Data/Managed'
Mono path[1] = 'C:/Program Files/Unity/Hub/Editor/6000.0.40f1/Editor/Data/MonoBleedingEdge/lib/mono/unityjit-win32'
Mono config path = 'C:/Program Files/Unity/Hub/Editor/6000.0.40f1/Editor/Data/MonoBleedingEdge/etc'
Using monoOptions --debugger-agent=transport=dt_socket,embedding=1,server=y,suspend=n,address=127.0.0.1:56456
Begin MonoManager ReloadAssembly
Registering precompiled unity dll's ...
Register platform support module: C:/Program Files/Unity/Hub/Editor/6000.0.40f1/Editor/Data/PlaybackEngines/WindowsStandaloneSupport/UnityEditor.WindowsStandalone.Extensions.dll
Registered in 0.004997 seconds.
- Loaded All Assemblies, in  2.013 seconds
Native extension for WindowsStandalone target not found
Mono: successfully reloaded assembly
- Finished resetting the current domain, in  1.123 seconds
Domain Reload Profiling: 3134ms
	BeginReloadAssembly (399ms)
		ExecutionOrderSort (0ms)
		DisableScriptedObjects (0ms)
		BackupInstance (0ms)
		ReleaseScriptingObjects (0ms)
		CreateAndSetChildDomain (1ms)
	RebuildCommonClasses (88ms)
	RebuildNativeTypeToScriptingClass (20ms)
	initialDomainReloadingComplete (160ms)
	LoadAllAssembliesAndSetupDomain (1343ms)
		LoadAssemblies (627ms)
		RebuildTransferFunctionScriptingTraits (0ms)
		AnalyzeDomain (1102ms)
			TypeCache.Refresh (1100ms)
				TypeCache.ScanAssembly (996ms)
			BuildScriptInfoCaches (0ms)
			ResolveRequiredComponents (1ms)
	FinalizeReload (1124ms)
		ReleaseScriptCaches (0ms)
		RebuildScriptCaches (0ms)
		SetupLoadedEditorAssemblies (987ms)
			LogAssemblyErrors (0ms)
			InitializePlatformSupportModulesInManaged (77ms)
			SetLoadedEditorAssemblies (6ms)
			BeforeProcessingInitializeOnLoad (197ms)
			ProcessInitializeOnLoadAttributes (576ms)
			ProcessInitializeOnLoadMethodAttributes (131ms)
			AfterProcessingInitializeOnLoad (0ms)
			EditorAssembliesLoaded (0ms)
		ExecutionOrderSort2 (0ms)
		AwakeInstancesAfterBackupRestoration (0ms)
========================================================================
Worker process is ready to serve import requests
Import Worker Mode flag is 0x00
Begin MonoManager ReloadAssembly
- Loaded All Assemblies, in  6.105 seconds
Refreshing native plugins compatible for Editor in 2.33 ms, found 4 plugins.
Native extension for WindowsStandalone target not found
Shader Hidden/ProbeVolume/VoxelizeScene is not supported: GPU does not support conservative rasterization
Mono: successfully reloaded assembly
- Finished resetting the current domain, in  3.665 seconds
Domain Reload Profiling: 9702ms
	BeginReloadAssembly (441ms)
		ExecutionOrderSort (0ms)
		DisableScriptedObjects (8ms)
		BackupInstance (0ms)
		ReleaseScriptingObjects (0ms)
		CreateAndSetChildDomain (63ms)
	RebuildCommonClasses (69ms)
	RebuildNativeTypeToScriptingClass (53ms)
	initialDomainReloadingComplete (78ms)
	LoadAllAssembliesAndSetupDomain (5393ms)
		LoadAssemblies (1312ms)
		RebuildTransferFunctionScriptingTraits (0ms)
		AnalyzeDomain (4384ms)
			TypeCache.Refresh (3414ms)
				TypeCache.ScanAssembly (3250ms)
			BuildScriptInfoCaches (770ms)
			ResolveRequiredComponents (170ms)
	FinalizeReload (3668ms)
		ReleaseScriptCaches (0ms)
		RebuildScriptCaches (0ms)
		SetupLoadedEditorAssemblies (3163ms)
			LogAssemblyErrors (0ms)
			InitializePlatformSupportModulesInManaged (3ms)
			SetLoadedEditorAssemblies (7ms)
			BeforeProcessingInitializeOnLoad (388ms)
			ProcessInitializeOnLoadAttributes (2311ms)
			ProcessInitializeOnLoadMethodAttributes (447ms)
			AfterProcessingInitializeOnLoad (7ms)
			EditorAssembliesLoaded (0ms)
		ExecutionOrderSort2 (0ms)
		AwakeInstancesAfterBackupRestoration (8ms)
Shader Hidden/ProbeVolume/VoxelizeScene is not supported: GPU does not support conservative rasterization
Launched and connected shader compiler UnityShaderCompiler.exe after 0.23 seconds
Refreshing native plugins compatible for Editor in 2.26 ms, found 4 plugins.
Preloading 0 native plugins for Editor in 0.00 ms.
Unloading 206 Unused Serialized files (Serialized files now loaded: 0)
Unloading 6581 unused Assets / (5.0 MB). Loaded Objects now: 7225.
Memory consumption went from 164.5 MB to 159.4 MB.
Total: 16.163300 ms (FindLiveObjects: 1.101000 ms CreateObjectMapping: 4.356500 ms MarkObjects: 6.618900 ms  DeleteObjects: 4.085000 ms)

========================================================================
Received Import Request.
  Time since last request: 868565.476116 seconds.
  path: Assets/Palhetas/back_160.asset
  artifactKey: Guid(99a44c66f697b9346aa09b0b09d5789e) Importer(2089858483,192608db42251d675da83286b1cce702)
Start importing Assets/Palhetas/back_160.asset using Guid(99a44c66f697b9346aa09b0b09d5789e) Importer(2089858483,192608db42251d675da83286b1cce702) (ScriptedImporter) -> (artifact id: '5e6f99066c83d0e91b8a65016e1d1214') in 2.4359878 seconds
Number of updated asset objects reloaded before import = 0Number of asset objects unloaded after import = 4

========================================================================
Received Import Request.
  Time since last request: 0.000041 seconds.
  path: Assets/Palhetas/back_105.asset
  artifactKey: Guid(0214f9dcdddb99a4fb1588f1227e8d01) Importer(2089858483,192608db42251d675da83286b1cce702)
Start importing Assets/Palhetas/back_105.asset using Guid(0214f9dcdddb99a4fb1588f1227e8d01) Importer(2089858483,192608db42251d675da83286b1cce702) (ScriptedImporter) -> (artifact id: '188a4c4bd523e2c03ca591de8166d5aa') in 0.0231135 seconds
Number of updated asset objects reloaded before import = 0Number of asset objects unloaded after import = 4

========================================================================
Received Import Request.
  Time since last request: 0.000021 seconds.
  path: Assets/Palhetas/back_125.asset
  artifactKey: Guid(2852541643f3f7b4ea0e7d65a097f8e6) Importer(2089858483,192608db42251d675da83286b1cce702)
Start importing Assets/Palhetas/back_125.asset using Guid(2852541643f3f7b4ea0e7d65a097f8e6) Importer(2089858483,192608db42251d675da83286b1cce702) (ScriptedImporter) -> (artifact id: 'ae321a86129649fac561379fce8a78b6') in 0.0242083 seconds
Number of updated asset objects reloaded before import = 0Number of asset objects unloaded after import = 4

========================================================================
Received Import Request.
  Time since last request: 0.000021 seconds.
  path: Assets/Palhetas/back_146.asset
  artifactKey: Guid(7a4fd4a2d324da349b073db6f21fcc57) Importer(2089858483,192608db42251d675da83286b1cce702)
Start importing Assets/Palhetas/back_146.asset using Guid(7a4fd4a2d324da349b073db6f21fcc57) Importer(2089858483,192608db42251d675da83286b1cce702) (ScriptedImporter) -> (artifact id: '12f81fe5bd59d5960ee5e678519c5200') in 0.0504232 seconds
Number of updated asset objects reloaded before import = 0Number of asset objects unloaded after import = 4

========================================================================
Received Import Request.
  Time since last request: 0.000025 seconds.
  path: Assets/New Physics Material 2D.physicsMaterial2D
  artifactKey: Guid(770e2d3cb7362594e87bbd4f52e7b91b) Importer(2089858483,192608db42251d675da83286b1cce702)
Start importing Assets/New Physics Material 2D.physicsMaterial2D using Guid(770e2d3cb7362594e87bbd4f52e7b91b) Importer(2089858483,192608db42251d675da83286b1cce702) (ScriptedImporter) -> (artifact id: 'fcc006c399f71ca9343f45600370789d') in 0.0606552 seconds
Number of updated asset objects reloaded before import = 0Number of asset objects unloaded after import = 1

========================================================================
Received Import Request.
  Time since last request: 0.000030 seconds.
  path: Assets/Palhetas/back_178.asset
  artifactKey: Guid(b68f744a2f8e8fb47b2f4d25f8ef6f16) Importer(2089858483,192608db42251d675da83286b1cce702)
Start importing Assets/Palhetas/back_178.asset using Guid(b68f744a2f8e8fb47b2f4d25f8ef6f16) Importer(2089858483,192608db42251d675da83286b1cce702) (ScriptedImporter) -> (artifact id: '73dbc48b02a176c4fc8e7aa7d1e5e1c5') in 0.033608 seconds
Number of updated asset objects reloaded before import = 0Number of asset objects unloaded after import = 4

========================================================================
Received Import Request.
  Time since last request: 0.000021 seconds.
  path: Assets/Palhetas/back_152.asset
  artifactKey: Guid(f8840b80c37e6c3409edbda666766d68) Importer(2089858483,192608db42251d675da83286b1cce702)
Start importing Assets/Palhetas/back_152.asset using Guid(f8840b80c37e6c3409edbda666766d68) Importer(2089858483,192608db42251d675da83286b1cce702) (ScriptedImporter) -> (artifact id: 'a8ccc6088d0118e3862d162693649be3') in 0.4272639 seconds
Number of updated asset objects reloaded before import = 0Number of asset objects unloaded after import = 4

========================================================================
Received Import Request.
  Time since last request: 0.000033 seconds.
  path: Assets/Palhetas/back_186.asset
  artifactKey: Guid(ee44f91d9abcbf043b07f12c18eec5b5) Importer(2089858483,192608db42251d675da83286b1cce702)
Start importing Assets/Palhetas/back_186.asset using Guid(ee44f91d9abcbf043b07f12c18eec5b5) Importer(2089858483,192608db42251d675da83286b1cce702) (ScriptedImporter) -> (artifact id: '55d6dae2f218ff8a822c4a6681aa27ce') in 0.7816842 seconds
Number of updated asset objects reloaded before import = 0Number of asset objects unloaded after import = 4

========================================================================
Received Import Request.
  Time since last request: 0.613599 seconds.
  path: Assets/Palhetas/back_168.asset
  artifactKey: Guid(7eceabe3baa8040478cbffafdcdb02ff) Importer(2089858483,192608db42251d675da83286b1cce702)
Start importing Assets/Palhetas/back_168.asset using Guid(7eceabe3baa8040478cbffafdcdb02ff) Importer(2089858483,192608db42251d675da83286b1cce702) (ScriptedImporter) -> (artifact id: '364725e3ddaa52850bd7ad42b6c046b6') in 0.0869087 seconds
Number of updated asset objects reloaded before import = 0Number of asset objects unloaded after import = 4

========================================================================
Received Import Request.
  Time since last request: 0.000108 seconds.
  path: Assets/Palhetas/back_199.asset
  artifactKey: Guid(0e9e0b45b6456234693a4dd1bf4c51c7) Importer(2089858483,192608db42251d675da83286b1cce702)
Start importing Assets/Palhetas/back_199.asset using Guid(0e9e0b45b6456234693a4dd1bf4c51c7) Importer(2089858483,192608db42251d675da83286b1cce702) (ScriptedImporter) -> (artifact id: '7b4d3491915ed7ffdc32784d62d971ae') in 0.6790577 seconds
Number of updated asset objects reloaded before import = 0Number of asset objects unloaded after import = 4

========================================================================
Received Import Request.
  Time since last request: 0.000072 seconds.
  path: Assets/Palhetas/back_102.asset
  artifactKey: Guid(e8ee7cc03026a0943b6fefe67a2071d6) Importer(2089858483,192608db42251d675da83286b1cce702)
Start importing Assets/Palhetas/back_102.asset using Guid(e8ee7cc03026a0943b6fefe67a2071d6) Importer(2089858483,192608db42251d675da83286b1cce702) (ScriptedImporter) -> (artifact id: '45bd938ed62ec60dface7dcd3fd26979') in 0.5372093 seconds
Number of updated asset objects reloaded before import = 0Number of asset objects unloaded after import = 4

========================================================================
Received Import Request.
  Time since last request: 0.000057 seconds.
  path: Assets/Palhetas/back_206.asset
  artifactKey: Guid(c6bd180da407b7b4d814d625234f4c7c) Importer(2089858483,192608db42251d675da83286b1cce702)
Start importing Assets/Palhetas/back_206.asset using Guid(c6bd180da407b7b4d814d625234f4c7c) Importer(2089858483,192608db42251d675da83286b1cce702) (ScriptedImporter) -> (artifact id: '8e2cf9ca7c4b9ba99f0c11482c1d25f4') in 0.1320772 seconds
Number of updated asset objects reloaded before import = 0Number of asset objects unloaded after import = 4

========================================================================
Received Import Request.
  Time since last request: 0.000217 seconds.
  path: Assets/Palhetas/back_110.asset
  artifactKey: Guid(15f983aeee5ccdb478f4b9059160384e) Importer(2089858483,192608db42251d675da83286b1cce702)
Start importing Assets/Palhetas/back_110.asset using Guid(15f983aeee5ccdb478f4b9059160384e) Importer(2089858483,192608db42251d675da83286b1cce702) (ScriptedImporter) -> (artifact id: '649b01d9d1e7bc807437814e14e02c52') in 0.19374 seconds
Number of updated asset objects reloaded before import = 0Number of asset objects unloaded after import = 4

========================================================================
Received Import Request.
  Time since last request: 0.000033 seconds.
  path: Assets/Palhetas/back_143.asset
  artifactKey: Guid(5c3529876bc21eb4b9ed843fbcdf25f1) Importer(2089858483,192608db42251d675da83286b1cce702)
Start importing Assets/Palhetas/back_143.asset using Guid(5c3529876bc21eb4b9ed843fbcdf25f1) Importer(2089858483,192608db42251d675da83286b1cce702) (ScriptedImporter) -> (artifact id: '6f3a2ea13365b82ec6a1c17ffbb30b02') in 0.3896171 seconds
Number of updated asset objects reloaded before import = 0Number of asset objects unloaded after import = 4

========================================================================
Received Import Request.
  Time since last request: 0.000035 seconds.
  path: Assets/Palhetas/back_191.asset
  artifactKey: Guid(4dd3ab5e8d1315c4c903811d3e9ee763) Importer(2089858483,192608db42251d675da83286b1cce702)
Start importing Assets/Palhetas/back_191.asset using Guid(4dd3ab5e8d1315c4c903811d3e9ee763) Importer(2089858483,192608db42251d675da83286b1cce702) (ScriptedImporter) -> (artifact id: 'd24814d52b6327c08309f83e352c3fb8') in 0.0386882 seconds
Number of updated asset objects reloaded before import = 0Number of asset objects unloaded after import = 4

========================================================================
Received Import Request.
  Time since last request: 0.000032 seconds.
  path: Assets/Config_Sprites.spriteatlasv2
  artifactKey: Guid(ede6a4be707215f4487ab3cff648c272) Importer(2089858483,192608db42251d675da83286b1cce702)
Start importing Assets/Config_Sprites.spriteatlasv2 using Guid(ede6a4be707215f4487ab3cff648c272) Importer(2089858483,192608db42251d675da83286b1cce702) (ScriptedImporter) -> (artifact id: '9d78827f22101d582ee1a27e44cfabe3') in 1.0003522 seconds
Number of updated asset objects reloaded before import = 0Number of asset objects unloaded after import = 2

========================================================================
Received Import Request.
  Time since last request: 0.232349 seconds.
  path: Assets/Palhetas/back_217.asset
  artifactKey: Guid(53c566409645a2a4ab88a8bee3da61a1) Importer(2089858483,192608db42251d675da83286b1cce702)
Start importing Assets/Palhetas/back_217.asset using Guid(53c566409645a2a4ab88a8bee3da61a1) Importer(2089858483,192608db42251d675da83286b1cce702) (ScriptedImporter) -> (artifact id: '3c67ab04fe6fd88039258b311528a5ed') in 0.1758758 seconds
Number of updated asset objects reloaded before import = 0Number of asset objects unloaded after import = 4

========================================================================
Received Import Request.
  Time since last request: 0.000024 seconds.
  path: Assets/Palhetas/back_222.asset
  artifactKey: Guid(7fa86ffe01a693d479e0f90fb8dd53b4) Importer(2089858483,192608db42251d675da83286b1cce702)
Start importing Assets/Palhetas/back_222.asset using Guid(7fa86ffe01a693d479e0f90fb8dd53b4) Importer(2089858483,192608db42251d675da83286b1cce702) (ScriptedImporter) -> (artifact id: '1987a10710f17a768890939a3ea0a3d5') in 0.6942703 seconds
Number of updated asset objects reloaded before import = 0Number of asset objects unloaded after import = 4

========================================================================
Received Import Request.
  Time since last request: 0.000072 seconds.
  path: Assets/Palhetas/back_164.asset
  artifactKey: Guid(6c351d9795dd8144a8cc265f816539b2) Importer(2089858483,192608db42251d675da83286b1cce702)
Start importing Assets/Palhetas/back_164.asset using Guid(6c351d9795dd8144a8cc265f816539b2) Importer(2089858483,192608db42251d675da83286b1cce702) (ScriptedImporter) -> (artifact id: 'd9286cd76cf74be5863219562d03996b') in 0.5800984 seconds
Number of updated asset objects reloaded before import = 0Number of asset objects unloaded after import = 4

========================================================================
Received Import Request.
  Time since last request: 0.000031 seconds.
  path: Assets/Palhetas/back_23.asset
  artifactKey: Guid(8bbe79bd7a6c3c94c98cf9c5d744a1c6) Importer(2089858483,192608db42251d675da83286b1cce702)
Start importing Assets/Palhetas/back_23.asset using Guid(8bbe79bd7a6c3c94c98cf9c5d744a1c6) Importer(2089858483,192608db42251d675da83286b1cce702) (ScriptedImporter) -> (artifact id: '4f02ef4b65e1cbaf68f837d3e497a7b7') in 1.213367 seconds
Number of updated asset objects reloaded before import = 0Number of asset objects unloaded after import = 4

========================================================================
Received Import Request.
  Time since last request: 0.000039 seconds.
  path: Assets/Palhetas/back_232.asset
  artifactKey: Guid(b1d9b564e862e444b9a2d6a020534166) Importer(2089858483,192608db42251d675da83286b1cce702)
Start importing Assets/Palhetas/back_232.asset using Guid(b1d9b564e862e444b9a2d6a020534166) Importer(2089858483,192608db42251d675da83286b1cce702) (ScriptedImporter) -> (artifact id: 'eb1196bdb6fa9254131ddd6c3737d1f9') in 0.3511264 seconds
Number of updated asset objects reloaded before import = 0Number of asset objects unloaded after import = 4

========================================================================
Received Import Request.
  Time since last request: 0.000045 seconds.
  path: Assets/Palhetas/back_234.asset
  artifactKey: Guid(743f72ba0c939da439c997a40b5cf5db) Importer(2089858483,192608db42251d675da83286b1cce702)
Start importing Assets/Palhetas/back_234.asset using Guid(743f72ba0c939da439c997a40b5cf5db) Importer(2089858483,192608db42251d675da83286b1cce702) (ScriptedImporter) -> (artifact id: 'c71c01b17f55c64bffd5495504fbd2f7') in 0.2601662 seconds
Number of updated asset objects reloaded before import = 0Number of asset objects unloaded after import = 4

========================================================================
Received Import Request.
  Time since last request: 0.000035 seconds.
  path: Assets/Palhetas/back_189.asset
  artifactKey: Guid(57263df1861ba714d9e7f08e03ee4e05) Importer(2089858483,192608db42251d675da83286b1cce702)
Start importing Assets/Palhetas/back_189.asset using Guid(57263df1861ba714d9e7f08e03ee4e05) Importer(2089858483,192608db42251d675da83286b1cce702) (ScriptedImporter) -> (artifact id: 'bc00c3fecbc97fd9bc27b5d0328152ff') in 0.2099431 seconds
Number of updated asset objects reloaded before import = 0Number of asset objects unloaded after import = 4

========================================================================
Received Import Request.
  Time since last request: 0.000060 seconds.
  path: Assets/Palhetas/back_162.asset
  artifactKey: Guid(168d5bbd666e08c4fab0d606f117092f) Importer(2089858483,192608db42251d675da83286b1cce702)
Start importing Assets/Palhetas/back_162.asset using Guid(168d5bbd666e08c4fab0d606f117092f) Importer(2089858483,192608db42251d675da83286b1cce702) (ScriptedImporter) -> (artifact id: 'eb06c85b30e7a895a674fe82a065e82d') in 0.5939866 seconds
Number of updated asset objects reloaded before import = 0Number of asset objects unloaded after import = 4

========================================================================
Received Import Request.
  Time since last request: 0.000152 seconds.
  path: Assets/Palhetas/back_203.asset
  artifactKey: Guid(2866578a59613554181623ecc89841d9) Importer(2089858483,192608db42251d675da83286b1cce702)
Start importing Assets/Palhetas/back_203.asset using Guid(2866578a59613554181623ecc89841d9) Importer(2089858483,192608db42251d675da83286b1cce702) (ScriptedImporter) -> (artifact id: '7389c3cb82612c07202a675eacfb4447') in 0.6801095 seconds
Number of updated asset objects reloaded before import = 0Number of asset objects unloaded after import = 4

========================================================================
Received Import Request.
  Time since last request: 0.000029 seconds.
  path: Assets/Palhetas/back_244.asset
  artifactKey: Guid(d018adac8fe30c54094b4a8a7e276d28) Importer(2089858483,192608db42251d675da83286b1cce702)
Start importing Assets/Palhetas/back_244.asset using Guid(d018adac8fe30c54094b4a8a7e276d28) Importer(2089858483,192608db42251d675da83286b1cce702) (ScriptedImporter) -> (artifact id: 'a7b33e1336c33e89353aa6bcaf7ab185') in 0.407719 seconds
Number of updated asset objects reloaded before import = 0Number of asset objects unloaded after import = 4

========================================================================
Received Import Request.
  Time since last request: 0.000031 seconds.
  path: Assets/Palhetas/back_247.asset
  artifactKey: Guid(398837a03310d5741ac70f3ded373d3b) Importer(2089858483,192608db42251d675da83286b1cce702)
Start importing Assets/Palhetas/back_247.asset using Guid(398837a03310d5741ac70f3ded373d3b) Importer(2089858483,192608db42251d675da83286b1cce702) (ScriptedImporter) -> (artifact id: '705d64302c6f9c2ec5dc9f1979dc64fd') in 0.0759226 seconds
Number of updated asset objects reloaded before import = 0Number of asset objects unloaded after import = 4

========================================================================
Received Import Request.
  Time since last request: 0.000025 seconds.
  path: Assets/Palhetas/back_211.asset
  artifactKey: Guid(295707c496e388b438b0574404c5d59a) Importer(2089858483,192608db42251d675da83286b1cce702)
Start importing Assets/Palhetas/back_211.asset using Guid(295707c496e388b438b0574404c5d59a) Importer(2089858483,192608db42251d675da83286b1cce702) (ScriptedImporter) -> (artifact id: 'bc6409811cd87d5bf436a777977008a8') in 0.1836258 seconds
Number of updated asset objects reloaded before import = 0Number of asset objects unloaded after import = 4

========================================================================
Received Import Request.
  Time since last request: 0.000281 seconds.
  path: Assets/Palhetas/back_252.asset
  artifactKey: Guid(dc873f665b47401448b426dde5dcd7d3) Importer(2089858483,192608db42251d675da83286b1cce702)
Start importing Assets/Palhetas/back_252.asset using Guid(dc873f665b47401448b426dde5dcd7d3) Importer(2089858483,192608db42251d675da83286b1cce702) (ScriptedImporter) -> (artifact id: '713c3b0e96d9d79c4ddb33864f4b9928') in 0.0757569 seconds
Number of updated asset objects reloaded before import = 0Number of asset objects unloaded after import = 4

========================================================================
Received Import Request.
  Time since last request: 0.000033 seconds.
  path: Assets/Palhetas/back_104.asset
  artifactKey: Guid(1c098bf3af64db34dae10ef674356afd) Importer(2089858483,192608db42251d675da83286b1cce702)
Start importing Assets/Palhetas/back_104.asset using Guid(1c098bf3af64db34dae10ef674356afd) Importer(2089858483,192608db42251d675da83286b1cce702) (ScriptedImporter) -> (artifact id: 'd49fc4bf4640fab9fe3f447b27dcbf6c') in 0.3511151 seconds
Number of updated asset objects reloaded before import = 0Number of asset objects unloaded after import = 4

========================================================================
Received Import Request.
  Time since last request: 0.000235 seconds.
  path: Assets/Palhetas/back_260.asset
  artifactKey: Guid(f78c1112799606d408eb668746e0fc73) Importer(2089858483,192608db42251d675da83286b1cce702)
Start importing Assets/Palhetas/back_260.asset using Guid(f78c1112799606d408eb668746e0fc73) Importer(2089858483,192608db42251d675da83286b1cce702) (ScriptedImporter) -> (artifact id: '69cf688c8c7dbe93646b88cfbd10ba90') in 0.3298274 seconds
Number of updated asset objects reloaded before import = 0Number of asset objects unloaded after import = 4

========================================================================
Received Import Request.
  Time since last request: 0.000036 seconds.
  path: Assets/Palhetas/back_228.asset
  artifactKey: Guid(57a40e21c4940734bbc0454b3b7839a2) Importer(2089858483,192608db42251d675da83286b1cce702)
Start importing Assets/Palhetas/back_228.asset using Guid(57a40e21c4940734bbc0454b3b7839a2) Importer(2089858483,192608db42251d675da83286b1cce702) (ScriptedImporter) -> (artifact id: '1d242dbf4bbda303830b880105564857') in 0.0815826 seconds
Number of updated asset objects reloaded before import = 0Number of asset objects unloaded after import = 4

========================================================================
Received Import Request.
  Time since last request: 0.000061 seconds.
  path: Assets/Palhetas/back_24.asset
  artifactKey: Guid(45153d74da70e114a8f1217ff0c7d18a) Importer(2089858483,192608db42251d675da83286b1cce702)
Start importing Assets/Palhetas/back_24.asset using Guid(45153d74da70e114a8f1217ff0c7d18a) Importer(2089858483,192608db42251d675da83286b1cce702) (ScriptedImporter) -> (artifact id: 'a24c2fc9b3c1d7e1b7325321add943f5') in 1.7143964 seconds
Number of updated asset objects reloaded before import = 0Number of asset objects unloaded after import = 4

========================================================================
Received Import Request.
  Time since last request: 0.000296 seconds.
  path: Assets/Palhetas/back_176.asset
  artifactKey: Guid(86af4e523d650d245bd504656309a6b2) Importer(2089858483,192608db42251d675da83286b1cce702)
Start importing Assets/Palhetas/back_176.asset using Guid(86af4e523d650d245bd504656309a6b2) Importer(2089858483,192608db42251d675da83286b1cce702) (ScriptedImporter) -> (artifact id: 'f641ab681c150e6d9d10acdead637024') in 0.0601738 seconds
Number of updated asset objects reloaded before import = 0Number of asset objects unloaded after import = 4

========================================================================
Received Import Request.
  Time since last request: 0.000027 seconds.
  path: Assets/Palhetas/back_165.asset
  artifactKey: Guid(3d5eb5f1bae3972448ad6a35919f8e19) Importer(2089858483,192608db42251d675da83286b1cce702)
Start importing Assets/Palhetas/back_165.asset using Guid(3d5eb5f1bae3972448ad6a35919f8e19) Importer(2089858483,192608db42251d675da83286b1cce702) (ScriptedImporter) -> (artifact id: '87d1697470a7593f3528cc2ed1a27182') in 0.8292265 seconds
Number of updated asset objects reloaded before import = 0Number of asset objects unloaded after import = 4

========================================================================
Received Import Request.
  Time since last request: 0.000035 seconds.
  path: Assets/Palhetas/back_21.asset
  artifactKey: Guid(590ded6d04d114f4692f0f7716fae2f6) Importer(2089858483,192608db42251d675da83286b1cce702)
Start importing Assets/Palhetas/back_21.asset using Guid(590ded6d04d114f4692f0f7716fae2f6) Importer(2089858483,192608db42251d675da83286b1cce702) (ScriptedImporter) -> (artifact id: 'ed1da8bd0508265e35991db4d33b1e77') in 0.0529955 seconds
Number of updated asset objects reloaded before import = 0Number of asset objects unloaded after import = 4

========================================================================
Received Import Request.
  Time since last request: 0.000046 seconds.
  path: Assets/Palhetas/back_270.asset
  artifactKey: Guid(7f8181ea75bdc364e8969166f61c54d2) Importer(2089858483,192608db42251d675da83286b1cce702)
Start importing Assets/Palhetas/back_270.asset using Guid(7f8181ea75bdc364e8969166f61c54d2) Importer(2089858483,192608db42251d675da83286b1cce702) (ScriptedImporter) -> (artifact id: '3986612db80246dc1e977055fa5d71bd') in 0.3247294 seconds
Number of updated asset objects reloaded before import = 0Number of asset objects unloaded after import = 4

========================================================================
Received Import Request.
  Time since last request: 0.097016 seconds.
  path: Assets/Palhetas/back_276.asset
  artifactKey: Guid(43451ab523ece0d4fb95e9e271ede3c8) Importer(2089858483,192608db42251d675da83286b1cce702)
Start importing Assets/Palhetas/back_276.asset using Guid(43451ab523ece0d4fb95e9e271ede3c8) Importer(2089858483,192608db42251d675da83286b1cce702) (ScriptedImporter) -> (artifact id: 'bfa29eea49f5741fba5d495fd56f72b1') in 0.1830623 seconds
Number of updated asset objects reloaded before import = 0Number of asset objects unloaded after import = 4

========================================================================
Received Import Request.
  Time since last request: 0.000026 seconds.
  path: Assets/Palhetas/back_192.asset
  artifactKey: Guid(afaa104fa8d10f7409aba2253d355315) Importer(2089858483,192608db42251d675da83286b1cce702)
Start importing Assets/Palhetas/back_192.asset using Guid(afaa104fa8d10f7409aba2253d355315) Importer(2089858483,192608db42251d675da83286b1cce702) (ScriptedImporter) -> (artifact id: '6e1ca61728114ad2451cab419a772fa4') in 0.206131 seconds
Number of updated asset objects reloaded before import = 0Number of asset objects unloaded after import = 4

========================================================================
Received Import Request.
  Time since last request: 0.000034 seconds.
  path: Assets/Palhetas/back_277.asset
  artifactKey: Guid(27072829c2a523042bbe732fed0ee8c4) Importer(2089858483,192608db42251d675da83286b1cce702)
Start importing Assets/Palhetas/back_277.asset using Guid(27072829c2a523042bbe732fed0ee8c4) Importer(2089858483,192608db42251d675da83286b1cce702) (ScriptedImporter) -> (artifact id: '08ec66a59d1507d69ac828528445e673') in 0.4011404 seconds
Number of updated asset objects reloaded before import = 0Number of asset objects unloaded after import = 4

========================================================================
Received Import Request.
  Time since last request: 0.000029 seconds.
  path: Assets/Palhetas/back_107.asset
  artifactKey: Guid(eef1bf9b5d468d2439dd64359099f868) Importer(2089858483,192608db42251d675da83286b1cce702)
Start importing Assets/Palhetas/back_107.asset using Guid(eef1bf9b5d468d2439dd64359099f868) Importer(2089858483,192608db42251d675da83286b1cce702) (ScriptedImporter) -> (artifact id: '2fe3e2973fa353271d6c6b93166ff910') in 0.2449263 seconds
Number of updated asset objects reloaded before import = 0Number of asset objects unloaded after import = 4

========================================================================
Received Import Request.
  Time since last request: 0.000041 seconds.
  path: Assets/Palhetas/back_284.asset
  artifactKey: Guid(4eb2d057c9983ef4f85ccd9a775d7083) Importer(2089858483,192608db42251d675da83286b1cce702)
Start importing Assets/Palhetas/back_284.asset using Guid(4eb2d057c9983ef4f85ccd9a775d7083) Importer(2089858483,192608db42251d675da83286b1cce702) (ScriptedImporter) -> (artifact id: 'b1f637f2d8e2e6e6039ef26ac96b7472') in 0.0641746 seconds
Number of updated asset objects reloaded before import = 0Number of asset objects unloaded after import = 4

========================================================================
Received Import Request.
  Time since last request: 0.000029 seconds.
  path: Assets/Palhetas/back_289.asset
  artifactKey: Guid(ee8ab0f6f22327e4390714ebffceb133) Importer(2089858483,192608db42251d675da83286b1cce702)
Start importing Assets/Palhetas/back_289.asset using Guid(ee8ab0f6f22327e4390714ebffceb133) Importer(2089858483,192608db42251d675da83286b1cce702) (ScriptedImporter) -> (artifact id: '14417d39235ef0cf7500909589a4d9ef') in 0.0795656 seconds
Number of updated asset objects reloaded before import = 0Number of asset objects unloaded after import = 4

========================================================================
Received Import Request.
  Time since last request: 0.000031 seconds.
  path: Assets/Palhetas/back_140.asset
  artifactKey: Guid(9bd552181ca394f4d8c9f1c2352737b1) Importer(2089858483,192608db42251d675da83286b1cce702)
Start importing Assets/Palhetas/back_140.asset using Guid(9bd552181ca394f4d8c9f1c2352737b1) Importer(2089858483,192608db42251d675da83286b1cce702) (ScriptedImporter) -> (artifact id: '37dde7d17df674b786cb3da6f8fe3929') in 0.3181146 seconds
Number of updated asset objects reloaded before import = 0Number of asset objects unloaded after import = 4

========================================================================
Received Prepare
Begin MonoManager ReloadAssembly
- Loaded All Assemblies, in 12.302 seconds
Refreshing native plugins compatible for Editor in 9.83 ms, found 4 plugins.
Native extension for WindowsStandalone target not found
Mono: successfully reloaded assembly
- Finished resetting the current domain, in 20.079 seconds
Domain Reload Profiling: 32374ms
	BeginReloadAssembly (2691ms)
		ExecutionOrderSort (0ms)
		DisableScriptedObjects (333ms)
		BackupInstance (0ms)
		ReleaseScriptingObjects (0ms)
		CreateAndSetChildDomain (355ms)
	RebuildCommonClasses (468ms)
	RebuildNativeTypeToScriptingClass (193ms)
	initialDomainReloadingComplete (352ms)
	LoadAllAssembliesAndSetupDomain (8590ms)
		LoadAssemblies (6895ms)
		RebuildTransferFunctionScriptingTraits (0ms)
		AnalyzeDomain (3553ms)
			TypeCache.Refresh (169ms)
				TypeCache.ScanAssembly (0ms)
			BuildScriptInfoCaches (3189ms)
			ResolveRequiredComponents (179ms)
	FinalizeReload (20080ms)
		ReleaseScriptCaches (0ms)
		RebuildScriptCaches (0ms)
		SetupLoadedEditorAssemblies (16091ms)
			LogAssemblyErrors (0ms)
			InitializePlatformSupportModulesInManaged (10ms)
			SetLoadedEditorAssemblies (242ms)
			BeforeProcessingInitializeOnLoad (3757ms)
			ProcessInitializeOnLoadAttributes (11283ms)
			ProcessInitializeOnLoadMethodAttributes (791ms)
			AfterProcessingInitializeOnLoad (7ms)
			EditorAssembliesLoaded (0ms)
		ExecutionOrderSort2 (0ms)
		AwakeInstancesAfterBackupRestoration (203ms)
Shader Hidden/ProbeVolume/VoxelizeScene is not supported: GPU does not support conservative rasterization
Refreshing native plugins compatible for Editor in 3.76 ms, found 4 plugins.
Preloading 0 native plugins for Editor in 0.00 ms.
Unloading 40 Unused Serialized files (Serialized files now loaded: 0)
Unloading 6579 unused Assets / (9.4 MB). Loaded Objects now: 7230.
Memory consumption went from 141.8 MB to 132.4 MB.
Total: 371.386400 ms (FindLiveObjects: 1.935500 ms CreateObjectMapping: 340.385100 ms MarkObjects: 7.280700 ms  DeleteObjects: 21.782300 ms)

Prepare: number of updated asset objects reloaded= 0
